  源.cpp
C:\Users\Double\source\repos\Project1五子棋\Project1五子棋\源.cpp(240,5): warning C4996: 'scanf': This function or variable may be unsafe. Consider using scanf_s instead. To disable deprecation, use _CRT_SECURE_NO_WARNINGS. See online help for details.
C:\Users\Double\source\repos\Project1五子棋\Project1五子棋\源.cpp(968,35): warning C4838: 从“int”转换到“SHORT”需要收缩转换
C:\Users\Double\source\repos\Project1五子棋\Project1五子棋\源.cpp(968,38): warning C4838: 从“int”转换到“SHORT”需要收缩转换
C:\Users\Double\source\repos\Project1五子棋\Project1五子棋\源.cpp(978,23): warning C4996: 'strcpy': This function or variable may be unsafe. Consider using strcpy_s instead. To disable deprecation, use _CRT_SECURE_NO_WARNINGS. See online help for details.
C:\Users\Double\source\repos\Project1五子棋\Project1五子棋\源.cpp(979,24): warning C4996: 'strcpy': This function or variable may be unsafe. Consider using strcpy_s instead. To disable deprecation, use _CRT_SECURE_NO_WARNINGS. See online help for details.
C:\Users\Double\source\repos\Project1五子棋\Project1五子棋\源.cpp(980,24): warning C4996: 'strcpy': This function or variable may be unsafe. Consider using strcpy_s instead. To disable deprecation, use _CRT_SECURE_NO_WARNINGS. See online help for details.
C:\Users\Double\source\repos\Project1五子棋\Project1五子棋\源.cpp(981,24): warning C4996: 'strcpy': This function or variable may be unsafe. Consider using strcpy_s instead. To disable deprecation, use _CRT_SECURE_NO_WARNINGS. See online help for details.
C:\Users\Double\source\repos\Project1五子棋\Project1五子棋\源.cpp(982,24): warning C4996: 'strcpy': This function or variable may be unsafe. Consider using strcpy_s instead. To disable deprecation, use _CRT_SECURE_NO_WARNINGS. See online help for details.
C:\Users\Double\source\repos\Project1五子棋\Project1五子棋\源.cpp(983,24): warning C4996: 'strcpy': This function or variable may be unsafe. Consider using strcpy_s instead. To disable deprecation, use _CRT_SECURE_NO_WARNINGS. See online help for details.
C:\Users\Double\source\repos\Project1五子棋\Project1五子棋\源.cpp(984,24): warning C4996: 'strcpy': This function or variable may be unsafe. Consider using strcpy_s instead. To disable deprecation, use _CRT_SECURE_NO_WARNINGS. See online help for details.
C:\Users\Double\source\repos\Project1五子棋\Project1五子棋\源.cpp(985,24): warning C4996: 'strcpy': This function or variable may be unsafe. Consider using strcpy_s instead. To disable deprecation, use _CRT_SECURE_NO_WARNINGS. See online help for details.
C:\Users\Double\source\repos\Project1五子棋\Project1五子棋\源.cpp(986,24): warning C4996: 'strcpy': This function or variable may be unsafe. Consider using strcpy_s instead. To disable deprecation, use _CRT_SECURE_NO_WARNINGS. See online help for details.
C:\Users\Double\source\repos\Project1五子棋\Project1五子棋\源.cpp(987,24): warning C4996: 'strcpy': This function or variable may be unsafe. Consider using strcpy_s instead. To disable deprecation, use _CRT_SECURE_NO_WARNINGS. See online help for details.
C:\Users\Double\source\repos\Project1五子棋\Project1五子棋\源.cpp(988,24): warning C4996: 'strcpy': This function or variable may be unsafe. Consider using strcpy_s instead. To disable deprecation, use _CRT_SECURE_NO_WARNINGS. See online help for details.
C:\Users\Double\source\repos\Project1五子棋\Project1五子棋\源.cpp(989,24): warning C4996: 'strcpy': This function or variable may be unsafe. Consider using strcpy_s instead. To disable deprecation, use _CRT_SECURE_NO_WARNINGS. See online help for details.
C:\Users\Double\source\repos\Project1五子棋\Project1五子棋\源.cpp(990,24): warning C4996: 'strcpy': This function or variable may be unsafe. Consider using strcpy_s instead. To disable deprecation, use _CRT_SECURE_NO_WARNINGS. See online help for details.
C:\Users\Double\source\repos\Project1五子棋\Project1五子棋\源.cpp(991,23): warning C4996: 'strcpy': This function or variable may be unsafe. Consider using strcpy_s instead. To disable deprecation, use _CRT_SECURE_NO_WARNINGS. See online help for details.
C:\Users\Double\source\repos\Project1五子棋\Project1五子棋\源.cpp(992,23): warning C4996: 'strcpy': This function or variable may be unsafe. Consider using strcpy_s instead. To disable deprecation, use _CRT_SECURE_NO_WARNINGS. See online help for details.
C:\Users\Double\source\repos\Project1五子棋\Project1五子棋\源.cpp(993,23): warning C4996: 'strcpy': This function or variable may be unsafe. Consider using strcpy_s instead. To disable deprecation, use _CRT_SECURE_NO_WARNINGS. See online help for details.
C:\Users\Double\source\repos\Project1五子棋\Project1五子棋\源.cpp(994,22): warning C4996: 'strcpy': This function or variable may be unsafe. Consider using strcpy_s instead. To disable deprecation, use _CRT_SECURE_NO_WARNINGS. See online help for details.
  Project1五子棋.vcxproj -> C:\Users\Double\source\repos\Project1五子棋\Debug\Project1五子棋.exe
